2026-3-11 10:06:25 - log: Load engine in C:\ProgramData\cocos\editors\Creator\3.8.8\resources\resources\3d\engine
2026-3-11 10:06:26 - log: Register native engine in C:\ProgramData\cocos\editors\Creator\3.8.8\resources\resources\3d\engine\native
2026-3-11 10:06:27 - log: Request namespace: device-list
2026-3-11 10:06:35 - log: [Scene] meshopt wasm decoder initialized
2026-3-11 10:06:35 - log: [Scene] [box2d]:box2d wasm lib loaded.
2026-3-11 10:06:35 - log: [Scene] [bullet]:bullet wasm lib loaded.
2026-3-11 10:06:36 - log: [Scene] [PHYSICS]: using builtin.
2026-3-11 10:06:36 - log: [Scene] Cocos Creator v3.8.8
2026-3-11 10:06:36 - log: [Scene] Using custom pipeline: Builtin
2026-3-11 10:06:36 - log: [Scene] [PHYSICS2D]: switch from builtin to box2d.
2026-3-11 17:27:26 - error: [Window] 名字 "resources" 是保留关键字，请更换其它名称。Error: [Window] 名字 "resources" 是保留关键字，请更换其它名称。
    at console.error (C:\ProgramData\cocos\editors\Creator\3.8.8\resources\app.asar\node_modules\@sentry\core\build\cjs\utils-hoist\instrument\console.js:38:14)
    at Vue.apply (C:\ProgramData\cocos\editors\Creator\3.8.8\resources\app.asar\builtin\builder\dist\contributions\inspector\directory\index.ccc:203:3513)
    at Object.apply (C:\ProgramData\cocos\editors\Creator\3.8.8\resources\app.asar\builtin\builder\dist\contributions\inspector\directory\index.ccc:203:5218)
    at _o.callMethod (C:\ProgramData\cocos\editors\Creator\3.8.8\resources\app.asar\node_modules\@editor\creator-ui-kit\dist\renderer.ccc:291:2087)
    at Object.save (C:\ProgramData\cocos\editors\Creator\3.8.8\resources\resources\3d\engine\editor\inspector\contributions\asset.js:525:69)
2026-3-12 15:03:35 - info: [PreviewInEditor] 预览环境初始化完毕
2026-3-12 15:03:35 - log: [PreviewInEditor] meshopt wasm decoder initialized
2026-3-12 15:03:35 - log: [PreviewInEditor] [box2d]:box2d wasm lib loaded.
2026-3-12 15:03:35 - log: [PreviewInEditor] [bullet]:bullet wasm lib loaded.
2026-3-12 15:03:35 - log: [PreviewInEditor] [PHYSICS]: using builtin.
2026-3-12 15:03:35 - log: [PreviewInEditor] Cocos Creator v3.8.8
2026-3-12 15:03:35 - log: [PreviewInEditor] Using custom pipeline: Builtin
2026-3-12 15:03:35 - log: [PreviewInEditor] [PHYSICS2D]: switch from builtin to box2d.
2026-3-12 15:03:36 - log: [PreviewInEditor] GM inited
2026-3-12 15:04:48 - warn: [PreviewInEditor] IPC message has been lost.Error: [PreviewInEditor] IPC message has been lost.
    at console.warn (C:\ProgramData\cocos\editors\Creator\3.8.8\resources\app.asar\node_modules\@sentry\core\src\utils-hoist\instrument\console.ts:40:14)
    at IpcRenderer.<anonymous> (C:\ProgramData\cocos\editors\Creator\3.8.8\resources\app.asar\builtin\scene\dist\script\3d\manager\ipc\web\webview.ccc:1:1464)
    at IpcRenderer.emit (node:events:519:28)
    at Object.onMessage (node:electron/js2c/renderer_init:2:8837)
2026-3-12 15:04:49 - info: [PreviewInEditor] 预览环境初始化完毕
2026-3-12 15:49:05 - info: [Window] Download the Vue Devtools extension for a better development experience:
https://github.com/vuejs/vue-devtools
2026-3-12 15:49:05 - info: [Window] You are running Vue in development mode.
Make sure to turn on production mode when deploying for production.
See more tips at https://vuejs.org/guide/deployment.html
2026-3-12 16:46:24 - log: [Scene] parameter errorError: parameter error
    at AssetManager.queryAssetInfo (C:\ProgramData\cocos\editors\Creator\3.8.8\resources\app.asar\builtin\asset-db\dist\worker\manager\asset-manager.ccc:1:2181)
    at Object.query-asset-info (C:\ProgramData\cocos\editors\Creator\3.8.8\resources\app.asar\builtin\asset-db\dist\worker\messages\query.ccc:1:1585)
    at C:\ProgramData\cocos\editors\Creator\3.8.8\resources\app.asar\builtin\asset-db\dist\worker\index.ccc:1:552
    at Ipc.<anonymous> (C:\ProgramData\cocos\editors\Creator\3.8.8\resources\app.asar\builtin\asset-db\dist\worker\ipc.ccc:1:561)
    (Target: asset-db, Message: query-asset-info)
2026-3-12 16:46:24 - error: [Window] parameter errorError: parameter error
    at <process:scene>
    at AssetManager.queryAssetInfo (C:\ProgramData\cocos\editors\Creator\3.8.8\resources\app.asar\builtin\asset-db\dist\worker\manager\asset-manager.ccc:1:2181)
    at Object.query-asset-info (C:\ProgramData\cocos\editors\Creator\3.8.8\resources\app.asar\builtin\asset-db\dist\worker\messages\query.ccc:1:1585)
    at C:\ProgramData\cocos\editors\Creator\3.8.8\resources\app.asar\builtin\asset-db\dist\worker\index.ccc:1:552
    at Ipc.<anonymous> (C:\ProgramData\cocos\editors\Creator\3.8.8\resources\app.asar\builtin\asset-db\dist\worker\ipc.ccc:1:561)
    (Target: asset-db, Message: query-asset-info)
2026-3-12 16:47:10 - log: [Window] FilePath  已被复制：    E:\GitHub\cocos-game\Bounce\assets\res\Prefabs\pages\UIGame.prefab
