2026-3-20 11:23:05-log: Cannot access game frame or container.
2026-3-20 11:23:05-debug: asset-db:require-engine-code (1015ms)
2026-3-20 11:23:06-log: [bullet]:bullet wasm lib loaded.
2026-3-20 11:23:06-log: meshopt wasm decoder initialized
2026-3-20 11:23:06-log: [box2d]:box2d wasm lib loaded.
2026-3-20 11:23:06-log: Cocos Creator v3.8.8
2026-3-20 11:23:06-log: Using legacy pipeline
2026-3-20 11:23:06-log: Forward render pipeline initialized.
2026-3-20 11:23:06-debug: [Assets Memory track]: asset-db:worker-init: initEngine start:31.24MB, end 79.33MB, increase: 48.09MB
2026-3-20 11:23:07-debug: [Assets Memory track]: asset-db:worker-init: initPlugin start:79.36MB, end 274.62MB, increase: 195.26MB
2026-3-20 11:23:07-debug: asset-db:worker-init: initPlugin (1579ms)
2026-3-20 11:23:07-debug: [Assets Memory track]: asset-db:worker-init start:31.23MB, end 274.51MB, increase: 243.28MB
2026-3-20 11:23:07-debug: Run asset db hook programming:beforePreStart ...
2026-3-20 11:23:07-debug: Run asset db hook engine-extends:beforePreStart success!
2026-3-20 11:23:07-debug: Run asset db hook programming:beforePreStart success!
2026-3-20 11:23:07-debug: Run asset db hook engine-extends:beforePreStart ...
2026-3-20 11:23:08-debug: asset-db:worker-init (3219ms)
2026-3-20 11:23:08-debug: asset-db-hook-programming-beforePreStart (154ms)
2026-3-20 11:23:08-debug: asset-db-hook-engine-extends-beforePreStart (153ms)
2026-3-20 11:23:08-debug: Preimport db internal success
2026-3-20 11:23:08-debug: Preimport db assets success
2026-3-20 11:23:08-debug: Run asset db hook programming:afterPreStart ...
2026-3-20 11:23:08-debug: starting packer-driver...
2026-3-20 11:23:08-debug: initialize scripting environment...
2026-3-20 11:23:08-debug: [[Executor]] prepare before lock
2026-3-20 11:23:08-debug: Set detail map pack:///resolution-detail-map.json: {}
2026-3-20 11:23:08-debug: [[Executor]] prepare after unlock
2026-3-20 11:23:08-debug: Run asset db hook programming:afterPreStart success!
2026-3-20 11:23:08-debug: Run asset db hook engine-extends:afterPreStart success!
2026-3-20 11:23:08-debug: Start up the 'internal' database...
2026-3-20 11:23:08-debug: Run asset db hook engine-extends:afterPreStart ...
2026-3-20 11:23:08-debug: asset-db-hook-programming-afterPreStart (651ms)
2026-3-20 11:23:08-debug: asset-db:worker-effect-data-processing (298ms)
2026-3-20 11:23:08-debug: asset-db-hook-engine-extends-afterPreStart (299ms)
2026-3-20 11:23:08-debug: Run asset db hook engine-extends:afterStartDB ...
2026-3-20 11:23:09-debug: recompile effect.bin success
2026-3-20 11:23:09-debug: Run asset db hook engine-extends:afterStartDB success!
2026-3-20 11:23:09-debug: Start up the 'assets' database...
2026-3-20 11:23:09-debug: asset-db:worker-effect-data-processing (273ms)
2026-3-20 11:23:09-debug: asset-db-hook-engine-extends-afterStartDB (273ms)
2026-3-20 11:23:09-debug: Run asset db hook engine-extends:afterStartDB ...
2026-3-20 11:23:09-debug: recompile effect.bin success
2026-3-20 11:23:09-debug: Run asset db hook engine-extends:afterStartDB success!
2026-3-20 11:23:09-debug: lazy register asset handler *
2026-3-20 11:23:09-debug: [Assets Memory track]: asset-db:worker-init: startup start:275.18MB, end 319.75MB, increase: 44.57MB
2026-3-20 11:23:09-debug: lazy register asset handler directory
2026-3-20 11:23:09-debug: lazy register asset handler text
2026-3-20 11:23:09-debug: lazy register asset handler json
2026-3-20 11:23:09-debug: lazy register asset handler spine-data
2026-3-20 11:23:09-debug: lazy register asset handler dragonbones-atlas
2026-3-20 11:23:09-debug: lazy register asset handler dragonbones
2026-3-20 11:23:09-debug: lazy register asset handler javascript
2026-3-20 11:23:09-debug: lazy register asset handler terrain
2026-3-20 11:23:09-debug: lazy register asset handler typescript
2026-3-20 11:23:09-debug: lazy register asset handler prefab
2026-3-20 11:23:09-debug: lazy register asset handler scene
2026-3-20 11:23:09-debug: lazy register asset handler tiled-map
2026-3-20 11:23:09-debug: lazy register asset handler buffer
2026-3-20 11:23:09-debug: lazy register asset handler sign-image
2026-3-20 11:23:09-debug: lazy register asset handler alpha-image
2026-3-20 11:23:09-debug: lazy register asset handler sprite-frame
2026-3-20 11:23:09-debug: lazy register asset handler image
2026-3-20 11:23:09-debug: lazy register asset handler texture
2026-3-20 11:23:09-debug: lazy register asset handler erp-texture-cube
2026-3-20 11:23:09-debug: lazy register asset handler render-texture
2026-3-20 11:23:09-debug: lazy register asset handler texture-cube-face
2026-3-20 11:23:09-debug: lazy register asset handler rt-sprite-frame
2026-3-20 11:23:09-debug: lazy register asset handler texture-cube
2026-3-20 11:23:09-debug: lazy register asset handler gltf-mesh
2026-3-20 11:23:09-debug: lazy register asset handler gltf-animation
2026-3-20 11:23:09-debug: lazy register asset handler gltf-skeleton
2026-3-20 11:23:09-debug: lazy register asset handler gltf-material
2026-3-20 11:23:09-debug: lazy register asset handler gltf
2026-3-20 11:23:09-debug: lazy register asset handler gltf-scene
2026-3-20 11:23:09-debug: lazy register asset handler fbx
2026-3-20 11:23:09-debug: lazy register asset handler gltf-embeded-image
2026-3-20 11:23:09-debug: lazy register asset handler physics-material
2026-3-20 11:23:09-debug: lazy register asset handler material
2026-3-20 11:23:09-debug: lazy register asset handler effect-header
2026-3-20 11:23:09-debug: lazy register asset handler effect
2026-3-20 11:23:09-debug: lazy register asset handler audio-clip
2026-3-20 11:23:09-debug: lazy register asset handler animation-clip
2026-3-20 11:23:09-debug: lazy register asset handler animation-graph
2026-3-20 11:23:09-debug: lazy register asset handler animation-graph-variant
2026-3-20 11:23:09-debug: lazy register asset handler animation-mask
2026-3-20 11:23:09-debug: lazy register asset handler bitmap-font
2026-3-20 11:23:09-debug: lazy register asset handler particle
2026-3-20 11:23:09-debug: lazy register asset handler ttf-font
2026-3-20 11:23:09-debug: lazy register asset handler auto-atlas
2026-3-20 11:23:09-debug: lazy register asset handler label-atlas
2026-3-20 11:23:09-debug: lazy register asset handler sprite-atlas
2026-3-20 11:23:09-debug: lazy register asset handler render-pipeline
2026-3-20 11:23:09-debug: lazy register asset handler render-flow
2026-3-20 11:23:09-debug: lazy register asset handler render-stage
2026-3-20 11:23:09-debug: lazy register asset handler instantiation-material
2026-3-20 11:23:09-debug: lazy register asset handler instantiation-mesh
2026-3-20 11:23:09-debug: lazy register asset handler instantiation-skeleton
2026-3-20 11:23:09-debug: lazy register asset handler instantiation-animation
2026-3-20 11:23:09-debug: lazy register asset handler video-clip
2026-3-20 11:23:09-debug: asset-db:worker-effect-data-processing (278ms)
2026-3-20 11:23:09-debug: asset-db-hook-engine-extends-afterStartDB (279ms)
2026-3-20 11:23:09-debug: asset-db:start-database (1523ms)
2026-3-20 11:23:09-debug: asset-db:ready (6926ms)
2026-3-20 11:23:09-debug: init worker message success
2026-3-20 11:23:09-debug: programming:execute-script (5ms)
2026-3-20 11:23:09-debug: [Build Memory track]: builder:worker-init start:314.98MB, end 324.55MB, increase: 9.57MB
2026-3-20 11:23:09-debug: builder:worker-init (290ms)
2026-3-20 11:24:29-debug: refresh db internal success
2026-3-20 11:24:29-debug: refresh db assets success
2026-3-20 11:24:29-debug: Run asset db hook engine-extends:afterRefresh ...
2026-3-20 11:24:29-debug: Run asset db hook engine-extends:afterRefresh success!
2026-3-20 11:24:29-debug: asset-db:refresh-all-database (114ms)
2026-3-20 11:24:42-debug: refresh db internal success
2026-3-20 11:24:42-debug: refresh db assets success
2026-3-20 11:24:42-debug: Run asset db hook engine-extends:afterRefresh ...
2026-3-20 11:24:42-debug: Run asset db hook engine-extends:afterRefresh success!
2026-3-20 11:24:42-debug: asset-db:refresh-all-database (112ms)
2026-3-20 11:24:46-debug: refresh db internal success
2026-3-20 11:24:46-debug: refresh db assets success
2026-3-20 11:24:46-debug: Run asset db hook engine-extends:afterRefresh ...
2026-3-20 11:24:46-debug: Run asset db hook engine-extends:afterRefresh success!
2026-3-20 11:24:46-debug: asset-db:refresh-all-database (109ms)
2026-3-20 11:24:50-debug: refresh db internal success
2026-3-20 11:24:50-debug: refresh db assets success
2026-3-20 11:24:50-debug: Run asset db hook engine-extends:afterRefresh ...
2026-3-20 11:24:50-debug: Run asset db hook engine-extends:afterRefresh success!
2026-3-20 11:24:50-debug: asset-db:refresh-all-database (112ms)
2026-3-20 11:24:51-debug: refresh db internal success
2026-3-20 11:24:51-debug: Run asset db hook engine-extends:afterRefresh ...
2026-3-20 11:24:51-debug: Run asset db hook engine-extends:afterRefresh success!
2026-3-20 11:24:51-debug: refresh db assets success
2026-3-20 11:24:51-debug: asset-db:refresh-all-database (112ms)
2026-3-20 11:26:30-debug: refresh db internal success
2026-3-20 11:26:30-debug: refresh db assets success
2026-3-20 11:26:30-debug: Run asset db hook engine-extends:afterRefresh ...
2026-3-20 11:26:30-debug: Run asset db hook engine-extends:afterRefresh success!
2026-3-20 11:26:30-debug: asset-db:refresh-all-database (120ms)
2026-3-20 11:26:40-debug: refresh db internal success
2026-3-20 11:26:40-debug: Run asset db hook engine-extends:afterRefresh ...
2026-3-20 11:26:40-debug: Run asset db hook engine-extends:afterRefresh success!
2026-3-20 11:26:40-debug: refresh db assets success
2026-3-20 11:26:40-debug: asset-db:refresh-all-database (110ms)
2026-3-20 11:26:43-debug: refresh db internal success
2026-3-20 11:26:43-debug: Run asset db hook engine-extends:afterRefresh ...
2026-3-20 11:26:43-debug: Run asset db hook engine-extends:afterRefresh success!
2026-3-20 11:26:43-debug: refresh db assets success
2026-3-20 11:26:43-debug: asset-db:refresh-all-database (110ms)
2026-3-20 11:26:43-debug: asset-db-hook-engine-extends-afterRefresh (1ms)
2026-3-20 11:27:28-debug: %cImport%c: E:\GitHub\cocos-game\Bounce\assets\res\Prefabs\entity\block\block.prefabbackground: #aaff85; color: #000;color: #000;
2026-3-20 11:27:28-debug: asset-db:reimport-asset0f60b24a-1eda-4ceb-a5f6-b9280fe26138 (15ms)
2026-3-20 11:27:28-debug: %cImport%c: E:\GitHub\cocos-game\Bounce\assets\res\Prefabs\entity\block\block.prefabbackground: #aaff85; color: #000;color: #000;
2026-3-20 11:27:28-debug: asset-db:reimport-asset0f60b24a-1eda-4ceb-a5f6-b9280fe26138 (5ms)
2026-3-20 11:27:28-debug: %cImport%c: E:\GitHub\cocos-game\Bounce\assets\res\Prefabs\entity\block\block.prefabbackground: #aaff85; color: #000;color: #000;
2026-3-20 11:27:28-debug: asset-db:reimport-asset0f60b24a-1eda-4ceb-a5f6-b9280fe26138 (5ms)
2026-3-20 11:27:28-debug: %cImport%c: E:\GitHub\cocos-game\Bounce\assets\res\Prefabs\entity\block\block.prefabbackground: #aaff85; color: #000;color: #000;
2026-3-20 11:27:28-debug: asset-db:reimport-asset0f60b24a-1eda-4ceb-a5f6-b9280fe26138 (4ms)
2026-3-20 11:27:33-debug: Query all assets info in project
2026-3-20 11:27:33-debug: init custom config: keepNodeUuid: false, useCache: true
2026-3-20 11:27:33-debug: Skip compress image, progress: 0%
2026-3-20 11:27:33-debug: Init all bundles start..., progress: 0%
2026-3-20 11:27:33-debug: Num of bundles: 4..., progress: 0%
2026-3-20 11:27:33-debug: 查询 Asset Bundle start, progress: 0%
2026-3-20 11:27:33-debug: // ---- build task 查询 Asset Bundle ----
2026-3-20 11:27:33-debug: Init bundle root assets start..., progress: 0%
2026-3-20 11:27:33-debug: Query preload assets/scripts from cc.config.json: 60f7195c-ec2a-45eb-ba94-8955f60e81d0,1c02ae6f-4492-4915-b8f8-7492a3b1e4cd,810e96e4-e456-4468-9b59-f4e8f39732c0,efe8e2a3-eace-427b-b4f1-cb8a937ec77d,e9aa9a3e-5b2b-4ac7-a2c7-073de2b2b24f,8bbdbcdd-5cd4-4100-b6d5-b7c9625b6107,50f4348b-c883-4e2f-8f11-ce233b859fa1,fda095cb-831d-4601-ad94-846013963de8,f92806d7-1768-443f-afe8-12bcde84d0f0,dd3a144d-ab7f-41f0-82b8-2e43a090d496,f0416e68-0200-4b77-a926-4f9d16e494da,970b0598-bcb0-4714-91fb-2e81440dccd8,bcd64cc6-2dd9-43f6-abbe-66318d332032,d930590d-bb92-4cc8-8bd1-23cd027f9edf,a3cd009f-0ab0-420d-9278-b9fdab939bbc,6a2d0734-bd9e-4ddf-946e-caa52498cb75,c27215d8-6835-4b68-bfbb-bdeac6100c04,b5d6115f-0370-4d7c-aad3-c194cc71cf98,871c3b6c-7379-419d-bda3-794b239ab90d,ff9b0199-ce04-4cfe-86cc-6c719f08d6e4,de1c2107-70c8-4021-8459-6399f24d01c6,cbf30902-517f-40dc-af90-a550bac27cf1,5c601d96-e4c7-4698-991b-7ee674b11079
2026-3-20 11:27:33-debug:   Number of other assets: 329
2026-3-20 11:27:33-debug: Init bundle root assets success..., progress: 0%
2026-3-20 11:27:33-debug:   Number of all scenes: 1
2026-3-20 11:27:33-debug:   Number of all scripts: 23
2026-3-20 11:27:33-debug: // ---- build task 查询 Asset Bundle ---- (8ms)
2026-3-20 11:27:33-log: run build task 查询 Asset Bundle success in 8 ms√, progress: 5%
2026-3-20 11:27:33-debug: 查询 Asset Bundle start, progress: 5%
2026-3-20 11:27:33-debug: [Build Memory track]: 查询 Asset Bundle start:230.19MB, end 230.08MB, increase: -107.62KB
2026-3-20 11:27:33-debug: // ---- build task 查询 Asset Bundle ----
2026-3-20 11:27:33-log: run build task 查询 Asset Bundle success in 3 ms√, progress: 10%
2026-3-20 11:27:33-debug: [Build Memory track]: 查询 Asset Bundle start:230.13MB, end 230.28MB, increase: 151.82KB
2026-3-20 11:27:33-debug: 整理部分构建选项内数据到 settings.json start, progress: 10%
2026-3-20 11:27:33-debug: // ---- build task 查询 Asset Bundle ---- (3ms)
2026-3-20 11:27:33-debug: // ---- build task 整理部分构建选项内数据到 settings.json ----
2026-3-20 11:27:33-debug: // ---- build task 整理部分构建选项内数据到 settings.json ---- (2ms)
2026-3-20 11:27:33-log: run build task 整理部分构建选项内数据到 settings.json success in 2 ms√, progress: 12%
2026-3-20 11:27:33-debug: [Build Memory track]: 整理部分构建选项内数据到 settings.json start:230.32MB, end 230.35MB, increase: 35.03KB
2026-3-20 11:27:33-debug: 填充脚本数据到 settings.json start, progress: 12%
2026-3-20 11:27:33-debug: // ---- build task 填充脚本数据到 settings.json ----
2026-3-20 11:27:33-log: run build task 填充脚本数据到 settings.json success in 1 ms√, progress: 13%
2026-3-20 11:27:33-debug: [Build Memory track]: 填充脚本数据到 settings.json start:230.40MB, end 230.43MB, increase: 34.66KB
2026-3-20 11:27:33-debug: // ---- build task 填充脚本数据到 settings.json ---- (1ms)
2026-3-20 11:27:33-debug: 整理部分构建选项内数据到 settings.json start, progress: 13%
2026-3-20 11:27:33-debug: // ---- build task 整理部分构建选项内数据到 settings.json ----
2026-3-20 11:27:33-log: run build task 整理部分构建选项内数据到 settings.json success in 2 ms√, progress: 15%
2026-3-20 11:27:33-debug: [Build Memory track]: 整理部分构建选项内数据到 settings.json start:230.47MB, end 230.63MB, increase: 161.82KB
2026-3-20 11:27:33-debug: // ---- build task 整理部分构建选项内数据到 settings.json ---- (2ms)
2026-3-20 11:27:39-debug: refresh db internal success
2026-3-20 11:27:39-debug: Run asset db hook engine-extends:afterRefresh ...
2026-3-20 11:27:39-debug: refresh db assets success
2026-3-20 11:27:39-debug: Run asset db hook engine-extends:afterRefresh success!
2026-3-20 11:27:39-debug: asset-db:refresh-all-database (107ms)
2026-3-20 11:27:39-debug: asset-db:worker-effect-data-processing (1ms)
2026-3-20 11:27:39-debug: asset-db-hook-engine-extends-afterRefresh (1ms)
2026-3-20 11:27:45-debug: refresh db internal success
2026-3-20 11:27:45-debug: Run asset db hook engine-extends:afterRefresh success!
2026-3-20 11:27:45-debug: Run asset db hook engine-extends:afterRefresh ...
2026-3-20 11:27:45-debug: refresh db assets success
2026-3-20 11:27:45-debug: asset-db:refresh-all-database (125ms)
2026-3-20 11:27:45-debug: asset-db-hook-engine-extends-afterRefresh (2ms)
2026-3-20 11:28:17-debug: %cImport%c: E:\GitHub\cocos-game\Bounce\assets\res\Prefabs\entity\block\block.prefabbackground: #aaff85; color: #000;color: #000;
2026-3-20 11:28:17-debug: asset-db:reimport-asset0f60b24a-1eda-4ceb-a5f6-b9280fe26138 (6ms)
2026-3-20 11:29:22-debug: refresh db internal success
2026-3-20 11:29:22-debug: Run asset db hook engine-extends:afterRefresh ...
2026-3-20 11:29:22-debug: refresh db assets success
2026-3-20 11:29:22-debug: Run asset db hook engine-extends:afterRefresh success!
2026-3-20 11:29:22-debug: asset-db:worker-effect-data-processing (1ms)
2026-3-20 11:29:22-debug: asset-db:refresh-all-database (112ms)
2026-3-20 11:29:22-debug: asset-db-hook-engine-extends-afterRefresh (1ms)
2026-3-20 11:29:27-debug: refresh db internal success
2026-3-20 11:29:27-debug: refresh db assets success
2026-3-20 11:29:27-debug: Run asset db hook engine-extends:afterRefresh ...
2026-3-20 11:29:27-debug: Run asset db hook engine-extends:afterRefresh success!
2026-3-20 11:29:27-debug: asset-db:worker-effect-data-processing (1ms)
2026-3-20 11:29:27-debug: asset-db:refresh-all-database (104ms)
2026-3-20 11:29:27-debug: asset-db-hook-engine-extends-afterRefresh (1ms)
2026-3-20 11:29:47-debug: %cImport%c: E:\GitHub\cocos-game\Bounce\assets\res\Prefabs\entity\block\block.prefabbackground: #aaff85; color: #000;color: #000;
2026-3-20 11:29:47-debug: asset-db:reimport-asset0f60b24a-1eda-4ceb-a5f6-b9280fe26138 (14ms)
2026-3-20 11:29:48-debug: %cImport%c: E:\GitHub\cocos-game\Bounce\assets\res\Prefabs\entity\block\block.prefabbackground: #aaff85; color: #000;color: #000;
2026-3-20 11:29:48-debug: asset-db:reimport-asset0f60b24a-1eda-4ceb-a5f6-b9280fe26138 (7ms)
2026-3-20 11:29:48-debug: %cImport%c: E:\GitHub\cocos-game\Bounce\assets\res\Prefabs\entity\block\block.prefabbackground: #aaff85; color: #000;color: #000;
2026-3-20 11:29:48-debug: asset-db:reimport-asset0f60b24a-1eda-4ceb-a5f6-b9280fe26138 (5ms)
2026-3-20 11:29:48-debug: %cImport%c: E:\GitHub\cocos-game\Bounce\assets\res\Prefabs\entity\block\block.prefabbackground: #aaff85; color: #000;color: #000;
2026-3-20 11:29:48-debug: asset-db:reimport-asset0f60b24a-1eda-4ceb-a5f6-b9280fe26138 (6ms)
2026-3-20 11:30:00-debug: Query all assets info in project
2026-3-20 11:30:00-debug: refresh db internal success
2026-3-20 11:30:00-debug: refresh db assets success
2026-3-20 11:30:00-debug: Run asset db hook engine-extends:afterRefresh ...
2026-3-20 11:30:00-debug: Run asset db hook engine-extends:afterRefresh success!
2026-3-20 11:30:00-debug: init custom config: keepNodeUuid: false, useCache: true
2026-3-20 11:30:00-debug: asset-db:refresh-all-database (171ms)
2026-3-20 11:30:00-debug: Skip compress image, progress: 0%
2026-3-20 11:30:00-debug: asset-db-hook-engine-extends-afterRefresh (1ms)
2026-3-20 11:30:00-debug: 查询 Asset Bundle start, progress: 0%
2026-3-20 11:30:00-debug: Init all bundles start..., progress: 0%
2026-3-20 11:30:00-debug: // ---- build task 查询 Asset Bundle ----
2026-3-20 11:30:00-debug: Init bundle root assets start..., progress: 0%
2026-3-20 11:30:00-debug: Num of bundles: 4..., progress: 0%
2026-3-20 11:30:00-debug:   Number of all scenes: 1
2026-3-20 11:30:00-debug:   Number of all scripts: 23
2026-3-20 11:30:00-debug: Init bundle root assets success..., progress: 0%
2026-3-20 11:30:00-debug: Query preload assets/scripts from cc.config.json: 60f7195c-ec2a-45eb-ba94-8955f60e81d0,1c02ae6f-4492-4915-b8f8-7492a3b1e4cd,810e96e4-e456-4468-9b59-f4e8f39732c0,efe8e2a3-eace-427b-b4f1-cb8a937ec77d,e9aa9a3e-5b2b-4ac7-a2c7-073de2b2b24f,8bbdbcdd-5cd4-4100-b6d5-b7c9625b6107,50f4348b-c883-4e2f-8f11-ce233b859fa1,fda095cb-831d-4601-ad94-846013963de8,f92806d7-1768-443f-afe8-12bcde84d0f0,dd3a144d-ab7f-41f0-82b8-2e43a090d496,f0416e68-0200-4b77-a926-4f9d16e494da,970b0598-bcb0-4714-91fb-2e81440dccd8,bcd64cc6-2dd9-43f6-abbe-66318d332032,d930590d-bb92-4cc8-8bd1-23cd027f9edf,a3cd009f-0ab0-420d-9278-b9fdab939bbc,6a2d0734-bd9e-4ddf-946e-caa52498cb75,c27215d8-6835-4b68-bfbb-bdeac6100c04,b5d6115f-0370-4d7c-aad3-c194cc71cf98,871c3b6c-7379-419d-bda3-794b239ab90d,ff9b0199-ce04-4cfe-86cc-6c719f08d6e4,de1c2107-70c8-4021-8459-6399f24d01c6,cbf30902-517f-40dc-af90-a550bac27cf1,5c601d96-e4c7-4698-991b-7ee674b11079
2026-3-20 11:30:00-debug: // ---- build task 查询 Asset Bundle ---- (9ms)
2026-3-20 11:30:00-log: run build task 查询 Asset Bundle success in 9 ms√, progress: 5%
2026-3-20 11:30:00-debug: [Build Memory track]: 查询 Asset Bundle start:237.23MB, end 237.04MB, increase: -189.63KB
2026-3-20 11:30:00-debug: // ---- build task 查询 Asset Bundle ----
2026-3-20 11:30:00-debug:   Number of other assets: 329
2026-3-20 11:30:00-debug: 查询 Asset Bundle start, progress: 5%
2026-3-20 11:30:00-debug: [Build Memory track]: 查询 Asset Bundle start:237.09MB, end 237.20MB, increase: 120.33KB
2026-3-20 11:30:00-debug: // ---- build task 查询 Asset Bundle ---- (2ms)
2026-3-20 11:30:00-debug: 整理部分构建选项内数据到 settings.json start, progress: 10%
2026-3-20 11:30:00-log: run build task 查询 Asset Bundle success in 2 ms√, progress: 10%
2026-3-20 11:30:00-debug: // ---- build task 整理部分构建选项内数据到 settings.json ----
2026-3-20 11:30:00-debug: [Build Memory track]: 整理部分构建选项内数据到 settings.json start:237.25MB, end 237.27MB, increase: 20.96KB
2026-3-20 11:30:00-debug: 填充脚本数据到 settings.json start, progress: 12%
2026-3-20 11:30:00-log: run build task 整理部分构建选项内数据到 settings.json success in √, progress: 12%
2026-3-20 11:30:00-debug: // ---- build task 填充脚本数据到 settings.json ----
2026-3-20 11:30:00-debug: // ---- build task 填充脚本数据到 settings.json ---- (1ms)
2026-3-20 11:30:00-log: run build task 填充脚本数据到 settings.json success in 1 ms√, progress: 13%
2026-3-20 11:30:00-debug: [Build Memory track]: 填充脚本数据到 settings.json start:237.32MB, end 237.35MB, increase: 37.61KB
2026-3-20 11:30:00-debug: 整理部分构建选项内数据到 settings.json start, progress: 13%
2026-3-20 11:30:00-debug: // ---- build task 整理部分构建选项内数据到 settings.json ----
2026-3-20 11:30:00-debug: // ---- build task 整理部分构建选项内数据到 settings.json ---- (3ms)
2026-3-20 11:30:00-log: run build task 整理部分构建选项内数据到 settings.json success in 3 ms√, progress: 15%
2026-3-20 11:30:00-debug: [Build Memory track]: 整理部分构建选项内数据到 settings.json start:237.39MB, end 237.53MB, increase: 136.16KB
2026-3-20 11:30:07-debug: Query all assets info in project
2026-3-20 11:30:07-debug: init custom config: keepNodeUuid: false, useCache: true
2026-3-20 11:30:07-debug: Skip compress image, progress: 0%
2026-3-20 11:30:07-debug: Init all bundles start..., progress: 0%
2026-3-20 11:30:07-debug: Num of bundles: 4..., progress: 0%
2026-3-20 11:30:07-debug: 查询 Asset Bundle start, progress: 0%
2026-3-20 11:30:07-debug: // ---- build task 查询 Asset Bundle ----
2026-3-20 11:30:07-debug: Init bundle root assets start..., progress: 0%
2026-3-20 11:30:07-debug:   Number of other assets: 329
2026-3-20 11:30:07-debug: Query preload assets/scripts from cc.config.json: 60f7195c-ec2a-45eb-ba94-8955f60e81d0,1c02ae6f-4492-4915-b8f8-7492a3b1e4cd,810e96e4-e456-4468-9b59-f4e8f39732c0,efe8e2a3-eace-427b-b4f1-cb8a937ec77d,e9aa9a3e-5b2b-4ac7-a2c7-073de2b2b24f,8bbdbcdd-5cd4-4100-b6d5-b7c9625b6107,50f4348b-c883-4e2f-8f11-ce233b859fa1,fda095cb-831d-4601-ad94-846013963de8,f92806d7-1768-443f-afe8-12bcde84d0f0,dd3a144d-ab7f-41f0-82b8-2e43a090d496,f0416e68-0200-4b77-a926-4f9d16e494da,970b0598-bcb0-4714-91fb-2e81440dccd8,bcd64cc6-2dd9-43f6-abbe-66318d332032,d930590d-bb92-4cc8-8bd1-23cd027f9edf,a3cd009f-0ab0-420d-9278-b9fdab939bbc,6a2d0734-bd9e-4ddf-946e-caa52498cb75,c27215d8-6835-4b68-bfbb-bdeac6100c04,b5d6115f-0370-4d7c-aad3-c194cc71cf98,871c3b6c-7379-419d-bda3-794b239ab90d,ff9b0199-ce04-4cfe-86cc-6c719f08d6e4,de1c2107-70c8-4021-8459-6399f24d01c6,cbf30902-517f-40dc-af90-a550bac27cf1,5c601d96-e4c7-4698-991b-7ee674b11079
2026-3-20 11:30:07-debug:   Number of all scripts: 23
2026-3-20 11:30:07-debug:   Number of all scenes: 1
2026-3-20 11:30:07-debug: Init bundle root assets success..., progress: 0%
2026-3-20 11:30:07-debug: // ---- build task 查询 Asset Bundle ---- (6ms)
2026-3-20 11:30:07-log: run build task 查询 Asset Bundle success in 6 ms√, progress: 5%
2026-3-20 11:30:07-debug: [Build Memory track]: 查询 Asset Bundle start:237.50MB, end 237.30MB, increase: -207.22KB
2026-3-20 11:30:07-debug: 查询 Asset Bundle start, progress: 5%
2026-3-20 11:30:07-debug: // ---- build task 查询 Asset Bundle ----
2026-3-20 11:30:07-debug: 整理部分构建选项内数据到 settings.json start, progress: 10%
2026-3-20 11:30:07-debug: [Build Memory track]: 查询 Asset Bundle start:237.34MB, end 237.46MB, increase: 118.68KB
2026-3-20 11:30:07-log: run build task 查询 Asset Bundle success in 2 ms√, progress: 10%
2026-3-20 11:30:07-debug: // ---- build task 整理部分构建选项内数据到 settings.json ----
2026-3-20 11:30:07-debug: // ---- build task 查询 Asset Bundle ---- (2ms)
2026-3-20 11:30:07-debug: 填充脚本数据到 settings.json start, progress: 12%
2026-3-20 11:30:07-debug: [Build Memory track]: 整理部分构建选项内数据到 settings.json start:237.50MB, end 237.55MB, increase: 41.95KB
2026-3-20 11:30:07-log: run build task 整理部分构建选项内数据到 settings.json success in 2 ms√, progress: 12%
2026-3-20 11:30:07-debug: // ---- build task 整理部分构建选项内数据到 settings.json ---- (2ms)
2026-3-20 11:30:07-debug: // ---- build task 填充脚本数据到 settings.json ----
2026-3-20 11:30:07-debug: // ---- build task 填充脚本数据到 settings.json ---- (2ms)
2026-3-20 11:30:07-log: run build task 填充脚本数据到 settings.json success in 2 ms√, progress: 13%
2026-3-20 11:30:07-debug: [Build Memory track]: 填充脚本数据到 settings.json start:237.59MB, end 237.62MB, increase: 33.88KB
2026-3-20 11:30:07-debug: 整理部分构建选项内数据到 settings.json start, progress: 13%
2026-3-20 11:30:07-debug: // ---- build task 整理部分构建选项内数据到 settings.json ----
2026-3-20 11:30:07-log: run build task 整理部分构建选项内数据到 settings.json success in 5 ms√, progress: 15%
2026-3-20 11:30:07-debug: [Build Memory track]: 整理部分构建选项内数据到 settings.json start:237.66MB, end 237.79MB, increase: 134.97KB
2026-3-20 11:30:07-debug: // ---- build task 整理部分构建选项内数据到 settings.json ---- (5ms)
2026-3-20 11:30:20-debug: Query all assets info in project
2026-3-20 11:30:20-debug: init custom config: keepNodeUuid: false, useCache: true
2026-3-20 11:30:20-debug: Skip compress image, progress: 0%
2026-3-20 11:30:20-debug: Init all bundles start..., progress: 0%
2026-3-20 11:30:20-debug: 查询 Asset Bundle start, progress: 0%
2026-3-20 11:30:20-debug: // ---- build task 查询 Asset Bundle ----
2026-3-20 11:30:20-debug: Num of bundles: 4..., progress: 0%
2026-3-20 11:30:20-debug: Init bundle root assets start..., progress: 0%
2026-3-20 11:30:20-debug:   Number of all scenes: 1
2026-3-20 11:30:20-debug: Query preload assets/scripts from cc.config.json: 60f7195c-ec2a-45eb-ba94-8955f60e81d0,1c02ae6f-4492-4915-b8f8-7492a3b1e4cd,810e96e4-e456-4468-9b59-f4e8f39732c0,efe8e2a3-eace-427b-b4f1-cb8a937ec77d,e9aa9a3e-5b2b-4ac7-a2c7-073de2b2b24f,8bbdbcdd-5cd4-4100-b6d5-b7c9625b6107,50f4348b-c883-4e2f-8f11-ce233b859fa1,fda095cb-831d-4601-ad94-846013963de8,f92806d7-1768-443f-afe8-12bcde84d0f0,dd3a144d-ab7f-41f0-82b8-2e43a090d496,f0416e68-0200-4b77-a926-4f9d16e494da,970b0598-bcb0-4714-91fb-2e81440dccd8,bcd64cc6-2dd9-43f6-abbe-66318d332032,d930590d-bb92-4cc8-8bd1-23cd027f9edf,a3cd009f-0ab0-420d-9278-b9fdab939bbc,6a2d0734-bd9e-4ddf-946e-caa52498cb75,c27215d8-6835-4b68-bfbb-bdeac6100c04,b5d6115f-0370-4d7c-aad3-c194cc71cf98,871c3b6c-7379-419d-bda3-794b239ab90d,ff9b0199-ce04-4cfe-86cc-6c719f08d6e4,de1c2107-70c8-4021-8459-6399f24d01c6,cbf30902-517f-40dc-af90-a550bac27cf1,5c601d96-e4c7-4698-991b-7ee674b11079
2026-3-20 11:30:20-debug: Init bundle root assets success..., progress: 0%
2026-3-20 11:30:20-debug:   Number of all scripts: 23
2026-3-20 11:30:20-debug:   Number of other assets: 329
2026-3-20 11:30:20-debug: // ---- build task 查询 Asset Bundle ---- (6ms)
2026-3-20 11:30:20-log: run build task 查询 Asset Bundle success in 6 ms√, progress: 5%
2026-3-20 11:30:20-debug: [Build Memory track]: 查询 Asset Bundle start:237.71MB, end 237.45MB, increase: -274.42KB
2026-3-20 11:30:20-debug: 查询 Asset Bundle start, progress: 5%
2026-3-20 11:30:20-debug: // ---- build task 查询 Asset Bundle ----
2026-3-20 11:30:20-debug: // ---- build task 查询 Asset Bundle ---- (2ms)
2026-3-20 11:30:20-log: run build task 查询 Asset Bundle success in 2 ms√, progress: 10%
2026-3-20 11:30:20-debug: [Build Memory track]: 查询 Asset Bundle start:237.49MB, end 237.60MB, increase: 119.40KB
2026-3-20 11:30:20-debug: 整理部分构建选项内数据到 settings.json start, progress: 10%
2026-3-20 11:30:20-debug: // ---- build task 整理部分构建选项内数据到 settings.json ----
2026-3-20 11:30:20-log: run build task 整理部分构建选项内数据到 settings.json success in 1 ms√, progress: 12%
2026-3-20 11:30:20-debug: [Build Memory track]: 整理部分构建选项内数据到 settings.json start:237.67MB, end 237.70MB, increase: 33.71KB
2026-3-20 11:30:20-debug: // ---- build task 整理部分构建选项内数据到 settings.json ---- (1ms)
2026-3-20 11:30:20-debug: 填充脚本数据到 settings.json start, progress: 12%
2026-3-20 11:30:20-debug: // ---- build task 填充脚本数据到 settings.json ----
2026-3-20 11:30:20-log: run build task 填充脚本数据到 settings.json success in 1 ms√, progress: 13%
2026-3-20 11:30:20-debug: // ---- build task 填充脚本数据到 settings.json ---- (1ms)
2026-3-20 11:30:20-debug: [Build Memory track]: 填充脚本数据到 settings.json start:237.74MB, end 237.77MB, increase: 34.69KB
2026-3-20 11:30:20-debug: 整理部分构建选项内数据到 settings.json start, progress: 13%
2026-3-20 11:30:20-debug: // ---- build task 整理部分构建选项内数据到 settings.json ----
2026-3-20 11:30:20-debug: // ---- build task 整理部分构建选项内数据到 settings.json ---- (2ms)
2026-3-20 11:30:20-log: run build task 整理部分构建选项内数据到 settings.json success in 2 ms√, progress: 15%
2026-3-20 11:30:20-debug: [Build Memory track]: 整理部分构建选项内数据到 settings.json start:237.82MB, end 237.95MB, increase: 134.54KB
2026-3-20 11:30:41-debug: Query all assets info in project
2026-3-20 11:30:41-debug: init custom config: keepNodeUuid: false, useCache: true
2026-3-20 11:30:41-debug: Skip compress image, progress: 0%
2026-3-20 11:30:41-debug: Init all bundles start..., progress: 0%
2026-3-20 11:30:41-debug: // ---- build task 查询 Asset Bundle ----
2026-3-20 11:30:41-debug: 查询 Asset Bundle start, progress: 0%
2026-3-20 11:30:41-debug: Num of bundles: 4..., progress: 0%
2026-3-20 11:30:41-debug: Init bundle root assets start..., progress: 0%
2026-3-20 11:30:41-debug: Query preload assets/scripts from cc.config.json: 60f7195c-ec2a-45eb-ba94-8955f60e81d0,1c02ae6f-4492-4915-b8f8-7492a3b1e4cd,810e96e4-e456-4468-9b59-f4e8f39732c0,efe8e2a3-eace-427b-b4f1-cb8a937ec77d,e9aa9a3e-5b2b-4ac7-a2c7-073de2b2b24f,8bbdbcdd-5cd4-4100-b6d5-b7c9625b6107,50f4348b-c883-4e2f-8f11-ce233b859fa1,fda095cb-831d-4601-ad94-846013963de8,f92806d7-1768-443f-afe8-12bcde84d0f0,dd3a144d-ab7f-41f0-82b8-2e43a090d496,f0416e68-0200-4b77-a926-4f9d16e494da,970b0598-bcb0-4714-91fb-2e81440dccd8,bcd64cc6-2dd9-43f6-abbe-66318d332032,d930590d-bb92-4cc8-8bd1-23cd027f9edf,a3cd009f-0ab0-420d-9278-b9fdab939bbc,6a2d0734-bd9e-4ddf-946e-caa52498cb75,c27215d8-6835-4b68-bfbb-bdeac6100c04,b5d6115f-0370-4d7c-aad3-c194cc71cf98,871c3b6c-7379-419d-bda3-794b239ab90d,ff9b0199-ce04-4cfe-86cc-6c719f08d6e4,de1c2107-70c8-4021-8459-6399f24d01c6,cbf30902-517f-40dc-af90-a550bac27cf1,5c601d96-e4c7-4698-991b-7ee674b11079
2026-3-20 11:30:41-debug:   Number of all scripts: 23
2026-3-20 11:30:41-debug: Init bundle root assets success..., progress: 0%
2026-3-20 11:30:41-debug:   Number of other assets: 329
2026-3-20 11:30:41-debug:   Number of all scenes: 1
2026-3-20 11:30:41-log: run build task 查询 Asset Bundle success in 7 ms√, progress: 5%
2026-3-20 11:30:41-debug: [Build Memory track]: 查询 Asset Bundle start:237.89MB, end 237.63MB, increase: -265.39KB
2026-3-20 11:30:41-debug: // ---- build task 查询 Asset Bundle ----
2026-3-20 11:30:41-debug: // ---- build task 查询 Asset Bundle ---- (7ms)
2026-3-20 11:30:41-debug: 查询 Asset Bundle start, progress: 5%
2026-3-20 11:30:41-debug: // ---- build task 查询 Asset Bundle ---- (3ms)
2026-3-20 11:30:41-log: run build task 查询 Asset Bundle success in 3 ms√, progress: 10%
2026-3-20 11:30:41-debug: [Build Memory track]: 查询 Asset Bundle start:237.69MB, end 237.81MB, increase: 118.39KB
2026-3-20 11:30:41-debug: 整理部分构建选项内数据到 settings.json start, progress: 10%
2026-3-20 11:30:41-debug: // ---- build task 整理部分构建选项内数据到 settings.json ----
2026-3-20 11:30:41-log: run build task 整理部分构建选项内数据到 settings.json success in 1 ms√, progress: 12%
2026-3-20 11:30:41-debug: 填充脚本数据到 settings.json start, progress: 12%
2026-3-20 11:30:41-debug: // ---- build task 整理部分构建选项内数据到 settings.json ---- (1ms)
2026-3-20 11:30:41-debug: [Build Memory track]: 整理部分构建选项内数据到 settings.json start:237.85MB, end 237.89MB, increase: 36.07KB
2026-3-20 11:30:41-debug: // ---- build task 填充脚本数据到 settings.json ----
2026-3-20 11:30:41-debug: // ---- build task 填充脚本数据到 settings.json ---- (2ms)
2026-3-20 11:30:41-log: run build task 填充脚本数据到 settings.json success in 2 ms√, progress: 13%
2026-3-20 11:30:41-debug: [Build Memory track]: 填充脚本数据到 settings.json start:237.93MB, end 237.97MB, increase: 36.09KB
2026-3-20 11:30:41-debug: 整理部分构建选项内数据到 settings.json start, progress: 13%
2026-3-20 11:30:41-debug: // ---- build task 整理部分构建选项内数据到 settings.json ----
2026-3-20 11:30:41-debug: // ---- build task 整理部分构建选项内数据到 settings.json ---- (4ms)
2026-3-20 11:30:41-log: run build task 整理部分构建选项内数据到 settings.json success in 4 ms√, progress: 15%
2026-3-20 11:30:41-debug: [Build Memory track]: 整理部分构建选项内数据到 settings.json start:238.01MB, end 238.19MB, increase: 181.80KB
2026-3-20 11:33:59-debug: refresh db internal success
2026-3-20 11:33:59-debug: %cImport%c: E:\GitHub\cocos-game\Bounce\assets\scripts\Entity\Block\BlockEntity.tsbackground: #aaff85; color: #000;color: #000;
2026-3-20 11:33:59-debug: Run asset db hook engine-extends:afterRefresh ...
2026-3-20 11:33:59-debug: refresh db assets success
2026-3-20 11:33:59-debug: Run asset db hook engine-extends:afterRefresh success!
2026-3-20 11:33:59-debug: asset-db:refresh-all-database (132ms)
2026-3-20 11:33:59-debug: asset-db:worker-effect-data-processing (1ms)
2026-3-20 11:33:59-debug: asset-db-hook-engine-extends-afterRefresh (1ms)
2026-3-20 11:34:00-debug: Query all assets info in project
2026-3-20 11:34:00-debug: init custom config: keepNodeUuid: false, useCache: true
2026-3-20 11:34:00-debug: Skip compress image, progress: 0%
2026-3-20 11:34:00-debug: Init all bundles start..., progress: 0%
2026-3-20 11:34:00-debug: Num of bundles: 4..., progress: 0%
2026-3-20 11:34:00-debug: // ---- build task 查询 Asset Bundle ----
2026-3-20 11:34:00-debug: 查询 Asset Bundle start, progress: 0%
2026-3-20 11:34:00-debug: Init bundle root assets start..., progress: 0%
2026-3-20 11:34:00-debug:   Number of all scenes: 1
2026-3-20 11:34:00-debug: Query preload assets/scripts from cc.config.json: 60f7195c-ec2a-45eb-ba94-8955f60e81d0,1c02ae6f-4492-4915-b8f8-7492a3b1e4cd,810e96e4-e456-4468-9b59-f4e8f39732c0,efe8e2a3-eace-427b-b4f1-cb8a937ec77d,e9aa9a3e-5b2b-4ac7-a2c7-073de2b2b24f,8bbdbcdd-5cd4-4100-b6d5-b7c9625b6107,50f4348b-c883-4e2f-8f11-ce233b859fa1,fda095cb-831d-4601-ad94-846013963de8,f92806d7-1768-443f-afe8-12bcde84d0f0,dd3a144d-ab7f-41f0-82b8-2e43a090d496,f0416e68-0200-4b77-a926-4f9d16e494da,970b0598-bcb0-4714-91fb-2e81440dccd8,bcd64cc6-2dd9-43f6-abbe-66318d332032,d930590d-bb92-4cc8-8bd1-23cd027f9edf,a3cd009f-0ab0-420d-9278-b9fdab939bbc,6a2d0734-bd9e-4ddf-946e-caa52498cb75,c27215d8-6835-4b68-bfbb-bdeac6100c04,b5d6115f-0370-4d7c-aad3-c194cc71cf98,871c3b6c-7379-419d-bda3-794b239ab90d,ff9b0199-ce04-4cfe-86cc-6c719f08d6e4,de1c2107-70c8-4021-8459-6399f24d01c6,cbf30902-517f-40dc-af90-a550bac27cf1,5c601d96-e4c7-4698-991b-7ee674b11079
2026-3-20 11:34:00-debug: Init bundle root assets success..., progress: 0%
2026-3-20 11:34:00-debug:   Number of other assets: 329
2026-3-20 11:34:00-debug:   Number of all scripts: 23
2026-3-20 11:34:00-log: run build task 查询 Asset Bundle success in 8 ms√, progress: 5%
2026-3-20 11:34:00-debug: [Build Memory track]: 查询 Asset Bundle start:238.92MB, end 238.65MB, increase: -272.82KB
2026-3-20 11:34:00-debug: 查询 Asset Bundle start, progress: 5%
2026-3-20 11:34:00-debug: // ---- build task 查询 Asset Bundle ---- (8ms)
2026-3-20 11:34:00-debug: // ---- build task 查询 Asset Bundle ----
2026-3-20 11:34:00-log: run build task 查询 Asset Bundle success in 6 ms√, progress: 10%
2026-3-20 11:34:00-debug: [Build Memory track]: 查询 Asset Bundle start:238.68MB, end 238.79MB, increase: 113.30KB
2026-3-20 11:34:00-debug: // ---- build task 查询 Asset Bundle ---- (6ms)
2026-3-20 11:34:00-debug: 整理部分构建选项内数据到 settings.json start, progress: 10%
2026-3-20 11:34:00-debug: // ---- build task 整理部分构建选项内数据到 settings.json ----
2026-3-20 11:34:00-debug: // ---- build task 整理部分构建选项内数据到 settings.json ---- (2ms)
2026-3-20 11:34:00-log: run build task 整理部分构建选项内数据到 settings.json success in 2 ms√, progress: 12%
2026-3-20 11:34:00-debug: [Build Memory track]: 整理部分构建选项内数据到 settings.json start:238.83MB, end 238.85MB, increase: 28.37KB
2026-3-20 11:34:00-debug: 填充脚本数据到 settings.json start, progress: 12%
2026-3-20 11:34:00-debug: // ---- build task 填充脚本数据到 settings.json ----
2026-3-20 11:34:00-log: run build task 填充脚本数据到 settings.json success in 3 ms√, progress: 13%
2026-3-20 11:34:00-debug: // ---- build task 填充脚本数据到 settings.json ---- (3ms)
2026-3-20 11:34:00-debug: 整理部分构建选项内数据到 settings.json start, progress: 13%
2026-3-20 11:34:00-debug: [Build Memory track]: 填充脚本数据到 settings.json start:238.89MB, end 238.92MB, increase: 30.18KB
2026-3-20 11:34:00-debug: // ---- build task 整理部分构建选项内数据到 settings.json ----
2026-3-20 11:34:00-debug: // ---- build task 整理部分构建选项内数据到 settings.json ---- (7ms)
2026-3-20 11:34:00-log: run build task 整理部分构建选项内数据到 settings.json success in 7 ms√, progress: 15%
2026-3-20 11:34:00-debug: [Build Memory track]: 整理部分构建选项内数据到 settings.json start:238.95MB, end 239.08MB, increase: 129.89KB
2026-3-20 11:38:53-debug: Query all assets info in project
2026-3-20 11:38:53-debug: Skip compress image, progress: 0%
2026-3-20 11:38:53-debug: init custom config: keepNodeUuid: false, useCache: true
2026-3-20 11:38:53-debug: Init all bundles start..., progress: 0%
2026-3-20 11:38:53-debug: Num of bundles: 4..., progress: 0%
2026-3-20 11:38:53-debug: // ---- build task 查询 Asset Bundle ----
2026-3-20 11:38:53-debug: 查询 Asset Bundle start, progress: 0%
2026-3-20 11:38:53-debug: Init bundle root assets start..., progress: 0%
2026-3-20 11:38:53-debug:   Number of all scripts: 23
2026-3-20 11:38:53-debug: Query preload assets/scripts from cc.config.json: 60f7195c-ec2a-45eb-ba94-8955f60e81d0,1c02ae6f-4492-4915-b8f8-7492a3b1e4cd,810e96e4-e456-4468-9b59-f4e8f39732c0,efe8e2a3-eace-427b-b4f1-cb8a937ec77d,e9aa9a3e-5b2b-4ac7-a2c7-073de2b2b24f,8bbdbcdd-5cd4-4100-b6d5-b7c9625b6107,50f4348b-c883-4e2f-8f11-ce233b859fa1,fda095cb-831d-4601-ad94-846013963de8,f92806d7-1768-443f-afe8-12bcde84d0f0,dd3a144d-ab7f-41f0-82b8-2e43a090d496,f0416e68-0200-4b77-a926-4f9d16e494da,970b0598-bcb0-4714-91fb-2e81440dccd8,bcd64cc6-2dd9-43f6-abbe-66318d332032,d930590d-bb92-4cc8-8bd1-23cd027f9edf,a3cd009f-0ab0-420d-9278-b9fdab939bbc,6a2d0734-bd9e-4ddf-946e-caa52498cb75,c27215d8-6835-4b68-bfbb-bdeac6100c04,b5d6115f-0370-4d7c-aad3-c194cc71cf98,871c3b6c-7379-419d-bda3-794b239ab90d,ff9b0199-ce04-4cfe-86cc-6c719f08d6e4,de1c2107-70c8-4021-8459-6399f24d01c6,cbf30902-517f-40dc-af90-a550bac27cf1,5c601d96-e4c7-4698-991b-7ee674b11079
2026-3-20 11:38:53-debug:   Number of all scenes: 1
2026-3-20 11:38:53-debug: Init bundle root assets success..., progress: 0%
2026-3-20 11:38:53-debug:   Number of other assets: 329
2026-3-20 11:38:53-debug: // ---- build task 查询 Asset Bundle ---- (7ms)
2026-3-20 11:38:53-debug: [Build Memory track]: 查询 Asset Bundle start:238.96MB, end 238.73MB, increase: -233.74KB
2026-3-20 11:38:53-log: run build task 查询 Asset Bundle success in 7 ms√, progress: 5%
2026-3-20 11:38:53-debug: 查询 Asset Bundle start, progress: 5%
2026-3-20 11:38:53-debug: // ---- build task 查询 Asset Bundle ----
2026-3-20 11:38:53-debug: // ---- build task 查询 Asset Bundle ---- (3ms)
2026-3-20 11:38:53-log: run build task 查询 Asset Bundle success in 3 ms√, progress: 10%
2026-3-20 11:38:53-debug: [Build Memory track]: 查询 Asset Bundle start:238.76MB, end 238.87MB, increase: 113.31KB
2026-3-20 11:38:53-debug: // ---- build task 整理部分构建选项内数据到 settings.json ----
2026-3-20 11:38:53-debug: 整理部分构建选项内数据到 settings.json start, progress: 10%
2026-3-20 11:38:53-debug: // ---- build task 整理部分构建选项内数据到 settings.json ---- (1ms)
2026-3-20 11:38:53-debug: 填充脚本数据到 settings.json start, progress: 12%
2026-3-20 11:38:53-log: run build task 整理部分构建选项内数据到 settings.json success in 1 ms√, progress: 12%
2026-3-20 11:38:53-debug: [Build Memory track]: 整理部分构建选项内数据到 settings.json start:238.90MB, end 238.93MB, increase: 27.93KB
2026-3-20 11:38:53-debug: // ---- build task 填充脚本数据到 settings.json ----
2026-3-20 11:38:53-log: run build task 填充脚本数据到 settings.json success in 1 ms√, progress: 13%
2026-3-20 11:38:53-debug: // ---- build task 填充脚本数据到 settings.json ---- (1ms)
2026-3-20 11:38:53-debug: [Build Memory track]: 填充脚本数据到 settings.json start:238.96MB, end 238.99MB, increase: 33.38KB
2026-3-20 11:38:53-debug: 整理部分构建选项内数据到 settings.json start, progress: 13%
2026-3-20 11:38:53-debug: // ---- build task 整理部分构建选项内数据到 settings.json ----
2026-3-20 11:38:53-debug: // ---- build task 整理部分构建选项内数据到 settings.json ---- (4ms)
2026-3-20 11:38:53-log: run build task 整理部分构建选项内数据到 settings.json success in 4 ms√, progress: 15%
2026-3-20 11:38:53-debug: [Build Memory track]: 整理部分构建选项内数据到 settings.json start:239.02MB, end 239.15MB, increase: 127.73KB
2026-3-20 11:39:03-debug: Query all assets info in project
2026-3-20 11:39:03-debug: init custom config: keepNodeUuid: false, useCache: true
2026-3-20 11:39:03-debug: Skip compress image, progress: 0%
2026-3-20 11:39:03-debug: Init all bundles start..., progress: 0%
2026-3-20 11:39:03-debug: // ---- build task 查询 Asset Bundle ----
2026-3-20 11:39:03-debug: 查询 Asset Bundle start, progress: 0%
2026-3-20 11:39:03-debug: Init bundle root assets start..., progress: 0%
2026-3-20 11:39:03-debug: Num of bundles: 4..., progress: 0%
2026-3-20 11:39:03-debug: Query preload assets/scripts from cc.config.json: 60f7195c-ec2a-45eb-ba94-8955f60e81d0,1c02ae6f-4492-4915-b8f8-7492a3b1e4cd,810e96e4-e456-4468-9b59-f4e8f39732c0,efe8e2a3-eace-427b-b4f1-cb8a937ec77d,e9aa9a3e-5b2b-4ac7-a2c7-073de2b2b24f,8bbdbcdd-5cd4-4100-b6d5-b7c9625b6107,50f4348b-c883-4e2f-8f11-ce233b859fa1,fda095cb-831d-4601-ad94-846013963de8,f92806d7-1768-443f-afe8-12bcde84d0f0,dd3a144d-ab7f-41f0-82b8-2e43a090d496,f0416e68-0200-4b77-a926-4f9d16e494da,970b0598-bcb0-4714-91fb-2e81440dccd8,bcd64cc6-2dd9-43f6-abbe-66318d332032,d930590d-bb92-4cc8-8bd1-23cd027f9edf,a3cd009f-0ab0-420d-9278-b9fdab939bbc,6a2d0734-bd9e-4ddf-946e-caa52498cb75,c27215d8-6835-4b68-bfbb-bdeac6100c04,b5d6115f-0370-4d7c-aad3-c194cc71cf98,871c3b6c-7379-419d-bda3-794b239ab90d,ff9b0199-ce04-4cfe-86cc-6c719f08d6e4,de1c2107-70c8-4021-8459-6399f24d01c6,cbf30902-517f-40dc-af90-a550bac27cf1,5c601d96-e4c7-4698-991b-7ee674b11079
2026-3-20 11:39:03-debug:   Number of other assets: 329
2026-3-20 11:39:03-debug: Init bundle root assets success..., progress: 0%
2026-3-20 11:39:03-debug: // ---- build task 查询 Asset Bundle ---- (7ms)
2026-3-20 11:39:03-log: run build task 查询 Asset Bundle success in 7 ms√, progress: 5%
2026-3-20 11:39:03-debug: [Build Memory track]: 查询 Asset Bundle start:239.08MB, end 238.85MB, increase: -227.69KB
2026-3-20 11:39:03-debug: 查询 Asset Bundle start, progress: 5%
2026-3-20 11:39:03-debug: // ---- build task 查询 Asset Bundle ----
2026-3-20 11:39:03-debug:   Number of all scenes: 1
2026-3-20 11:39:03-debug:   Number of all scripts: 23
2026-3-20 11:39:03-debug: // ---- build task 查询 Asset Bundle ---- (4ms)
2026-3-20 11:39:03-log: run build task 查询 Asset Bundle success in 4 ms√, progress: 10%
2026-3-20 11:39:03-debug: 整理部分构建选项内数据到 settings.json start, progress: 10%
2026-3-20 11:39:03-debug: [Build Memory track]: 查询 Asset Bundle start:238.89MB, end 239.00MB, increase: 118.42KB
2026-3-20 11:39:03-debug: // ---- build task 整理部分构建选项内数据到 settings.json ----
2026-3-20 11:39:03-log: run build task 整理部分构建选项内数据到 settings.json success in 1 ms√, progress: 12%
2026-3-20 11:39:03-debug: [Build Memory track]: 整理部分构建选项内数据到 settings.json start:239.03MB, end 239.06MB, increase: 27.43KB
2026-3-20 11:39:03-debug: // ---- build task 整理部分构建选项内数据到 settings.json ---- (1ms)
2026-3-20 11:39:03-debug: 填充脚本数据到 settings.json start, progress: 12%
2026-3-20 11:39:03-debug: // ---- build task 填充脚本数据到 settings.json ----
2026-3-20 11:39:03-debug: [Build Memory track]: 填充脚本数据到 settings.json start:239.09MB, end 239.11MB, increase: 16.61KB
2026-3-20 11:39:03-debug: 整理部分构建选项内数据到 settings.json start, progress: 13%
2026-3-20 11:39:03-log: run build task 填充脚本数据到 settings.json success in √, progress: 13%
2026-3-20 11:39:03-debug: // ---- build task 整理部分构建选项内数据到 settings.json ----
2026-3-20 11:39:03-debug: [Build Memory track]: 整理部分构建选项内数据到 settings.json start:239.14MB, end 239.26MB, increase: 128.52KB
2026-3-20 11:39:03-log: run build task 整理部分构建选项内数据到 settings.json success in 3 ms√, progress: 15%
2026-3-20 11:39:03-debug: // ---- build task 整理部分构建选项内数据到 settings.json ---- (3ms)
2026-3-20 11:39:13-debug: Query all assets info in project
2026-3-20 11:39:13-debug: init custom config: keepNodeUuid: false, useCache: true
2026-3-20 11:39:13-debug: Skip compress image, progress: 0%
2026-3-20 11:39:13-debug: Num of bundles: 4..., progress: 0%
2026-3-20 11:39:13-debug: Init all bundles start..., progress: 0%
2026-3-20 11:39:13-debug: 查询 Asset Bundle start, progress: 0%
2026-3-20 11:39:13-debug: // ---- build task 查询 Asset Bundle ----
2026-3-20 11:39:13-debug: Init bundle root assets start..., progress: 0%
2026-3-20 11:39:13-debug:   Number of other assets: 329
2026-3-20 11:39:13-debug: Query preload assets/scripts from cc.config.json: 60f7195c-ec2a-45eb-ba94-8955f60e81d0,1c02ae6f-4492-4915-b8f8-7492a3b1e4cd,810e96e4-e456-4468-9b59-f4e8f39732c0,efe8e2a3-eace-427b-b4f1-cb8a937ec77d,e9aa9a3e-5b2b-4ac7-a2c7-073de2b2b24f,8bbdbcdd-5cd4-4100-b6d5-b7c9625b6107,50f4348b-c883-4e2f-8f11-ce233b859fa1,fda095cb-831d-4601-ad94-846013963de8,f92806d7-1768-443f-afe8-12bcde84d0f0,dd3a144d-ab7f-41f0-82b8-2e43a090d496,f0416e68-0200-4b77-a926-4f9d16e494da,970b0598-bcb0-4714-91fb-2e81440dccd8,bcd64cc6-2dd9-43f6-abbe-66318d332032,d930590d-bb92-4cc8-8bd1-23cd027f9edf,a3cd009f-0ab0-420d-9278-b9fdab939bbc,6a2d0734-bd9e-4ddf-946e-caa52498cb75,c27215d8-6835-4b68-bfbb-bdeac6100c04,b5d6115f-0370-4d7c-aad3-c194cc71cf98,871c3b6c-7379-419d-bda3-794b239ab90d,ff9b0199-ce04-4cfe-86cc-6c719f08d6e4,de1c2107-70c8-4021-8459-6399f24d01c6,cbf30902-517f-40dc-af90-a550bac27cf1,5c601d96-e4c7-4698-991b-7ee674b11079
2026-3-20 11:39:13-debug:   Number of all scenes: 1
2026-3-20 11:39:13-debug:   Number of all scripts: 23
2026-3-20 11:39:13-debug: Init bundle root assets success..., progress: 0%
2026-3-20 11:39:13-debug: // ---- build task 查询 Asset Bundle ---- (7ms)
2026-3-20 11:39:13-debug: // ---- build task 查询 Asset Bundle ----
2026-3-20 11:39:13-log: run build task 查询 Asset Bundle success in 7 ms√, progress: 5%
2026-3-20 11:39:13-debug: 查询 Asset Bundle start, progress: 5%
2026-3-20 11:39:13-debug: [Build Memory track]: 查询 Asset Bundle start:239.22MB, end 239.02MB, increase: -204.94KB
2026-3-20 11:39:13-log: run build task 查询 Asset Bundle success in 2 ms√, progress: 10%
2026-3-20 11:39:13-debug: // ---- build task 查询 Asset Bundle ---- (2ms)
2026-3-20 11:39:13-debug: 整理部分构建选项内数据到 settings.json start, progress: 10%
2026-3-20 11:39:13-debug: [Build Memory track]: 查询 Asset Bundle start:239.05MB, end 239.17MB, increase: 126.64KB
2026-3-20 11:39:13-debug: // ---- build task 整理部分构建选项内数据到 settings.json ----
2026-3-20 11:39:13-log: run build task 整理部分构建选项内数据到 settings.json success in 1 ms√, progress: 12%
2026-3-20 11:39:13-debug: [Build Memory track]: 整理部分构建选项内数据到 settings.json start:239.21MB, end 239.23MB, increase: 29.22KB
2026-3-20 11:39:13-debug: 填充脚本数据到 settings.json start, progress: 12%
2026-3-20 11:39:13-debug: // ---- build task 整理部分构建选项内数据到 settings.json ---- (1ms)
2026-3-20 11:39:13-debug: // ---- build task 填充脚本数据到 settings.json ----
2026-3-20 11:39:13-debug: [Build Memory track]: 填充脚本数据到 settings.json start:239.27MB, end 239.29MB, increase: 27.18KB
2026-3-20 11:39:13-debug: // ---- build task 填充脚本数据到 settings.json ---- (1ms)
2026-3-20 11:39:13-log: run build task 填充脚本数据到 settings.json success in 1 ms√, progress: 13%
2026-3-20 11:39:13-debug: 整理部分构建选项内数据到 settings.json start, progress: 13%
2026-3-20 11:39:13-debug: // ---- build task 整理部分构建选项内数据到 settings.json ----
2026-3-20 11:39:13-log: run build task 整理部分构建选项内数据到 settings.json success in 3 ms√, progress: 15%
2026-3-20 11:39:13-debug: [Build Memory track]: 整理部分构建选项内数据到 settings.json start:239.32MB, end 239.45MB, increase: 132.22KB
2026-3-20 11:39:13-debug: // ---- build task 整理部分构建选项内数据到 settings.json ---- (3ms)
2026-3-20 11:39:20-debug: Query all assets info in project
2026-3-20 11:39:20-debug: init custom config: keepNodeUuid: false, useCache: true
2026-3-20 11:39:20-debug: Skip compress image, progress: 0%
2026-3-20 11:39:20-debug: Init all bundles start..., progress: 0%
2026-3-20 11:39:20-debug: Num of bundles: 4..., progress: 0%
2026-3-20 11:39:20-debug: // ---- build task 查询 Asset Bundle ----
2026-3-20 11:39:20-debug: 查询 Asset Bundle start, progress: 0%
2026-3-20 11:39:20-debug: Init bundle root assets start..., progress: 0%
2026-3-20 11:39:20-debug:   Number of all scenes: 1
2026-3-20 11:39:20-debug:   Number of all scripts: 23
2026-3-20 11:39:20-debug: Query preload assets/scripts from cc.config.json: 60f7195c-ec2a-45eb-ba94-8955f60e81d0,1c02ae6f-4492-4915-b8f8-7492a3b1e4cd,810e96e4-e456-4468-9b59-f4e8f39732c0,efe8e2a3-eace-427b-b4f1-cb8a937ec77d,e9aa9a3e-5b2b-4ac7-a2c7-073de2b2b24f,8bbdbcdd-5cd4-4100-b6d5-b7c9625b6107,50f4348b-c883-4e2f-8f11-ce233b859fa1,fda095cb-831d-4601-ad94-846013963de8,f92806d7-1768-443f-afe8-12bcde84d0f0,dd3a144d-ab7f-41f0-82b8-2e43a090d496,f0416e68-0200-4b77-a926-4f9d16e494da,970b0598-bcb0-4714-91fb-2e81440dccd8,bcd64cc6-2dd9-43f6-abbe-66318d332032,d930590d-bb92-4cc8-8bd1-23cd027f9edf,a3cd009f-0ab0-420d-9278-b9fdab939bbc,6a2d0734-bd9e-4ddf-946e-caa52498cb75,c27215d8-6835-4b68-bfbb-bdeac6100c04,b5d6115f-0370-4d7c-aad3-c194cc71cf98,871c3b6c-7379-419d-bda3-794b239ab90d,ff9b0199-ce04-4cfe-86cc-6c719f08d6e4,de1c2107-70c8-4021-8459-6399f24d01c6,cbf30902-517f-40dc-af90-a550bac27cf1,5c601d96-e4c7-4698-991b-7ee674b11079
2026-3-20 11:39:20-debug: Init bundle root assets success..., progress: 0%
2026-3-20 11:39:20-debug:   Number of other assets: 329
2026-3-20 11:39:20-debug: // ---- build task 查询 Asset Bundle ---- (8ms)
2026-3-20 11:39:20-log: run build task 查询 Asset Bundle success in 8 ms√, progress: 5%
2026-3-20 11:39:20-debug: [Build Memory track]: 查询 Asset Bundle start:239.39MB, end 239.15MB, increase: -240.42KB
2026-3-20 11:39:20-debug: 查询 Asset Bundle start, progress: 5%
2026-3-20 11:39:20-debug: // ---- build task 查询 Asset Bundle ----
2026-3-20 11:39:20-debug: // ---- build task 查询 Asset Bundle ---- (2ms)
2026-3-20 11:39:20-debug: [Build Memory track]: 查询 Asset Bundle start:239.18MB, end 239.29MB, increase: 109.89KB
2026-3-20 11:39:20-log: run build task 查询 Asset Bundle success in 2 ms√, progress: 10%
2026-3-20 11:39:20-debug: 整理部分构建选项内数据到 settings.json start, progress: 10%
2026-3-20 11:39:20-debug: // ---- build task 整理部分构建选项内数据到 settings.json ----
2026-3-20 11:39:20-debug: // ---- build task 整理部分构建选项内数据到 settings.json ---- (1ms)
2026-3-20 11:39:20-log: run build task 整理部分构建选项内数据到 settings.json success in 1 ms√, progress: 12%
2026-3-20 11:39:20-debug: [Build Memory track]: 整理部分构建选项内数据到 settings.json start:239.32MB, end 239.35MB, increase: 27.39KB
2026-3-20 11:39:20-debug: 填充脚本数据到 settings.json start, progress: 12%
2026-3-20 11:39:20-debug: // ---- build task 填充脚本数据到 settings.json ----
2026-3-20 11:39:20-debug: // ---- build task 填充脚本数据到 settings.json ---- (1ms)
2026-3-20 11:39:20-debug: [Build Memory track]: 填充脚本数据到 settings.json start:239.38MB, end 239.41MB, increase: 29.45KB
2026-3-20 11:39:20-log: run build task 填充脚本数据到 settings.json success in 1 ms√, progress: 13%
2026-3-20 11:39:20-debug: 整理部分构建选项内数据到 settings.json start, progress: 13%
2026-3-20 11:39:20-debug: // ---- build task 整理部分构建选项内数据到 settings.json ----
2026-3-20 11:39:20-debug: // ---- build task 整理部分构建选项内数据到 settings.json ---- (4ms)
2026-3-20 11:39:20-debug: [Build Memory track]: 整理部分构建选项内数据到 settings.json start:239.44MB, end 239.57MB, increase: 127.83KB
2026-3-20 11:39:20-log: run build task 整理部分构建选项内数据到 settings.json success in 4 ms√, progress: 15%
2026-3-20 11:39:32-debug: Query all assets info in project
2026-3-20 11:39:32-debug: init custom config: keepNodeUuid: false, useCache: true
2026-3-20 11:39:32-debug: Skip compress image, progress: 0%
2026-3-20 11:39:32-debug: Init all bundles start..., progress: 0%
2026-3-20 11:39:32-debug: Num of bundles: 4..., progress: 0%
2026-3-20 11:39:32-debug: 查询 Asset Bundle start, progress: 0%
2026-3-20 11:39:32-debug: // ---- build task 查询 Asset Bundle ----
2026-3-20 11:39:32-debug: Init bundle root assets start..., progress: 0%
2026-3-20 11:39:32-debug:   Number of all scripts: 23
2026-3-20 11:39:32-debug: Query preload assets/scripts from cc.config.json: 60f7195c-ec2a-45eb-ba94-8955f60e81d0,1c02ae6f-4492-4915-b8f8-7492a3b1e4cd,810e96e4-e456-4468-9b59-f4e8f39732c0,efe8e2a3-eace-427b-b4f1-cb8a937ec77d,e9aa9a3e-5b2b-4ac7-a2c7-073de2b2b24f,8bbdbcdd-5cd4-4100-b6d5-b7c9625b6107,50f4348b-c883-4e2f-8f11-ce233b859fa1,fda095cb-831d-4601-ad94-846013963de8,f92806d7-1768-443f-afe8-12bcde84d0f0,dd3a144d-ab7f-41f0-82b8-2e43a090d496,f0416e68-0200-4b77-a926-4f9d16e494da,970b0598-bcb0-4714-91fb-2e81440dccd8,bcd64cc6-2dd9-43f6-abbe-66318d332032,d930590d-bb92-4cc8-8bd1-23cd027f9edf,a3cd009f-0ab0-420d-9278-b9fdab939bbc,6a2d0734-bd9e-4ddf-946e-caa52498cb75,c27215d8-6835-4b68-bfbb-bdeac6100c04,b5d6115f-0370-4d7c-aad3-c194cc71cf98,871c3b6c-7379-419d-bda3-794b239ab90d,ff9b0199-ce04-4cfe-86cc-6c719f08d6e4,de1c2107-70c8-4021-8459-6399f24d01c6,cbf30902-517f-40dc-af90-a550bac27cf1,5c601d96-e4c7-4698-991b-7ee674b11079
2026-3-20 11:39:32-debug:   Number of all scenes: 1
2026-3-20 11:39:32-debug: Init bundle root assets success..., progress: 0%
2026-3-20 11:39:32-debug:   Number of other assets: 329
2026-3-20 11:39:32-debug: // ---- build task 查询 Asset Bundle ---- (8ms)
2026-3-20 11:39:32-debug: 查询 Asset Bundle start, progress: 5%
2026-3-20 11:39:32-debug: [Build Memory track]: 查询 Asset Bundle start:239.50MB, end 239.26MB, increase: -250.93KB
2026-3-20 11:39:32-log: run build task 查询 Asset Bundle success in 8 ms√, progress: 5%
2026-3-20 11:39:32-debug: // ---- build task 查询 Asset Bundle ----
2026-3-20 11:39:32-debug: [Build Memory track]: 查询 Asset Bundle start:239.29MB, end 239.40MB, increase: 112.16KB
2026-3-20 11:39:32-debug: // ---- build task 查询 Asset Bundle ---- (2ms)
2026-3-20 11:39:32-log: run build task 查询 Asset Bundle success in 2 ms√, progress: 10%
2026-3-20 11:39:32-debug: 整理部分构建选项内数据到 settings.json start, progress: 10%
2026-3-20 11:39:32-debug: // ---- build task 整理部分构建选项内数据到 settings.json ----
2026-3-20 11:39:32-debug: // ---- build task 整理部分构建选项内数据到 settings.json ---- (1ms)
2026-3-20 11:39:32-log: run build task 整理部分构建选项内数据到 settings.json success in 1 ms√, progress: 12%
2026-3-20 11:39:32-debug: 填充脚本数据到 settings.json start, progress: 12%
2026-3-20 11:39:32-debug: [Build Memory track]: 整理部分构建选项内数据到 settings.json start:239.43MB, end 239.46MB, increase: 27.41KB
2026-3-20 11:39:32-debug: // ---- build task 填充脚本数据到 settings.json ----
2026-3-20 11:39:32-debug: // ---- build task 填充脚本数据到 settings.json ---- (1ms)
2026-3-20 11:39:32-log: run build task 填充脚本数据到 settings.json success in 1 ms√, progress: 13%
2026-3-20 11:39:32-debug: [Build Memory track]: 填充脚本数据到 settings.json start:239.49MB, end 239.52MB, increase: 27.00KB
2026-3-20 11:39:32-debug: 整理部分构建选项内数据到 settings.json start, progress: 13%
2026-3-20 11:39:32-debug: // ---- build task 整理部分构建选项内数据到 settings.json ----
2026-3-20 11:39:32-debug: // ---- build task 整理部分构建选项内数据到 settings.json ---- (6ms)
2026-3-20 11:39:32-log: run build task 整理部分构建选项内数据到 settings.json success in 6 ms√, progress: 15%
2026-3-20 11:39:32-debug: [Build Memory track]: 整理部分构建选项内数据到 settings.json start:239.55MB, end 239.67MB, increase: 127.77KB
